{"numFailedTestSuites":2,"numFailedTests":3,"numPassedTestSuites":14,"numPassedTests":62,"numPendingTestSuites":0,"numPendingTests":0,"numRuntimeErrorTestSuites":0,"numTodoTests":0,"numTotalTestSuites":16,"numTotalTests":65,"openHandles":[],"snapshot":{"added":0,"didUpdate":false,"failure":false,"filesAdded":0,"filesRemoved":0,"filesRemovedList":[],"filesUnmatched":0,"filesUpdated":0,"matched":9,"total":9,"unchecked":0,"uncheckedKeysByFile":[],"unmatched":0,"updated":0},"startTime":1764695324835,"success":false,"testResults":[{"assertionResults":[{"ancestorTitles":["<Account />"],"duration":96,"failureDetails":[{},{}],"failureMessages":["Error: Too many re-renders. React limits the number of renders to prevent an infinite loop.\n    at renderWithHooksAgain (C:\\Users\\MarieBerx\\Documents\\StartToBrew\\StartBrewing\\node_modules\\react-test-renderer\\cjs\\react-test-renderer.development.js:2951:17)\n    at renderWithHooks (C:\\Users\\MarieBerx\\Documents\\StartToBrew\\StartBrewing\\node_modules\\react-test-renderer\\cjs\\react-test-renderer.development.js:2869:21)\n    at updateFunctionComponent (C:\\Users\\MarieBerx\\Documents\\StartToBrew\\StartBrewing\\node_modules\\react-test-renderer\\cjs\\react-test-renderer.development.js:6006:19)\n    at beginWork (C:\\Users\\MarieBerx\\Documents\\StartToBrew\\StartBrewing\\node_modules\\react-test-renderer\\cjs\\react-test-renderer.development.js:7474:18)\n    at runWithFiberInDEV (C:\\Users\\MarieBerx\\Documents\\StartToBrew\\StartBrewing\\node_modules\\react-test-renderer\\cjs\\react-test-renderer.development.js:1574:13)\n    at performUnitOfWork (C:\\Users\\MarieBerx\\Documents\\StartToBrew\\StartBrewing\\node_modules\\react-test-renderer\\cjs\\react-test-renderer.development.js:10972:22)\n    at workLoopSync (C:\\Users\\MarieBerx\\Documents\\StartToBrew\\StartBrewing\\node_modules\\react-test-renderer\\cjs\\react-test-renderer.development.js:10816:41)\n    at renderRootSync (C:\\Users\\MarieBerx\\Documents\\StartToBrew\\StartBrewing\\node_modules\\react-test-renderer\\cjs\\react-test-renderer.development.js:10797:11)\n    at performWorkOnRoot (C:\\Users\\MarieBerx\\Documents\\StartToBrew\\StartBrewing\\node_modules\\react-test-renderer\\cjs\\react-test-renderer.development.js:10384:39)\n    at performWorkOnRootViaSchedulerTask (C:\\Users\\MarieBerx\\Documents\\StartToBrew\\StartBrewing\\node_modules\\react-test-renderer\\cjs\\react-test-renderer.development.js:2094:7)\n    at flushActQueue (C:\\Users\\MarieBerx\\Documents\\StartToBrew\\StartBrewing\\node_modules\\react\\cjs\\react.development.js:566:34)\n    at Object.<anonymous>.process.env.NODE_ENV.exports.act (C:\\Users\\MarieBerx\\Documents\\StartToBrew\\StartBrewing\\node_modules\\react\\cjs\\react.development.js:859:10)\n    at actImplementation (C:\\Users\\MarieBerx\\Documents\\StartToBrew\\StartBrewing\\node_modules\\@testing-library\\react-native\\src\\act.ts:30:25)\n    at renderWithAct (C:\\Users\\MarieBerx\\Documents\\StartToBrew\\StartBrewing\\node_modules\\@testing-library\\react-native\\src\\render-act.ts:13:11)\n    at renderInternal (C:\\Users\\MarieBerx\\Documents\\StartToBrew\\StartBrewing\\node_modules\\@testing-library\\react-native\\src\\render.tsx:69:33)\n    at renderInternal (C:\\Users\\MarieBerx\\Documents\\StartToBrew\\StartBrewing\\node_modules\\@testing-library\\react-native\\src\\render.tsx:44:10)\n    at renderWithNavigation (C:\\Users\\MarieBerx\\Documents\\StartToBrew\\StartBrewing\\__tests__\\Account.test.tsx:230:16)\n    at Object.renderWithNavigation (C:\\Users\\MarieBerx\\Documents\\StartToBrew\\StartBrewing\\__tests__\\Account.test.tsx:235:27)\n    at Generator.next (<anonymous>)\n    at asyncGeneratorStep (C:\\Users\\MarieBerx\\Documents\\StartToBrew\\StartBrewing\\node_modules\\@babel\\runtime\\helpers\\asyncToGenerator.js:3:17)\n    at _next (C:\\Users\\MarieBerx\\Documents\\StartToBrew\\StartBrewing\\node_modules\\@babel\\runtime\\helpers\\asyncToGenerator.js:17:9)\n    at C:\\Users\\MarieBerx\\Documents\\StartToBrew\\StartBrewing\\node_modules\\@babel\\runtime\\helpers\\asyncToGenerator.js:22:7\n    at new Promise (<anonymous>)\n    at Object.<anonymous> (C:\\Users\\MarieBerx\\Documents\\StartToBrew\\StartBrewing\\node_modules\\@babel\\runtime\\helpers\\asyncToGenerator.js:14:12)\n    at Promise.then.completed (C:\\Users\\MarieBerx\\Documents\\StartToBrew\\StartBrewing\\node_modules\\jest-circus\\build\\utils.js:298:28)\n    at new Promise (<anonymous>)\n    at callAsyncCircusFn (C:\\Users\\MarieBerx\\Documents\\StartToBrew\\StartBrewing\\node_modules\\jest-circus\\build\\utils.js:231:10)\n    at _callCircusTest (C:\\Users\\MarieBerx\\Documents\\StartToBrew\\StartBrewing\\node_modules\\jest-circus\\build\\run.js:316:40)\n    at _runTest (C:\\Users\\MarieBerx\\Documents\\StartToBrew\\StartBrewing\\node_modules\\jest-circus\\build\\run.js:252:3)\n    at _runTestsForDescribeBlock (C:\\Users\\MarieBerx\\Documents\\StartToBrew\\StartBrewing\\node_modules\\jest-circus\\build\\run.js:126:9)\n    at _runTestsForDescribeBlock (C:\\Users\\MarieBerx\\Documents\\StartToBrew\\StartBrewing\\node_modules\\jest-circus\\build\\run.js:121:9)\n    at run (C:\\Users\\MarieBerx\\Documents\\StartToBrew\\StartBrewing\\node_modules\\jest-circus\\build\\run.js:71:3)\n    at runAndTransformResultsToJestFormat (C:\\Users\\MarieBerx\\Documents\\StartToBrew\\StartBrewing\\node_modules\\jest-circus\\build\\legacy-code-todo-rewrite\\jestAdapterInit.js:122:21)\n    at jestAdapter (C:\\Users\\MarieBerx\\Documents\\StartToBrew\\StartBrewing\\node_modules\\jest-circus\\build\\legacy-code-todo-rewrite\\jestAdapter.js:79:19)\n    at runTestInternal (C:\\Users\\MarieBerx\\Documents\\StartToBrew\\StartBrewing\\node_modules\\jest-runner\\build\\runTest.js:367:16)\n    at runTest (C:\\Users\\MarieBerx\\Documents\\StartToBrew\\StartBrewing\\node_modules\\jest-runner\\build\\runTest.js:444:34)","Error: Can't access .root on unmounted test renderer\n    at Object.get [as root] (C:\\Users\\MarieBerx\\Documents\\StartToBrew\\StartBrewing\\node_modules\\react-test-renderer\\cjs\\react-test-renderer.development.js:14707:19)\n    at root (C:\\Users\\MarieBerx\\Documents\\StartToBrew\\StartBrewing\\node_modules\\@testing-library\\react-native\\src\\render.tsx:101:29)\n    at buildRenderResult (C:\\Users\\MarieBerx\\Documents\\StartToBrew\\StartBrewing\\node_modules\\@testing-library\\react-native\\src\\render.tsx:70:10)\n    at renderInternal (C:\\Users\\MarieBerx\\Documents\\StartToBrew\\StartBrewing\\node_modules\\@testing-library\\react-native\\src\\render.tsx:44:10)\n    at renderWithNavigation (C:\\Users\\MarieBerx\\Documents\\StartToBrew\\StartBrewing\\__tests__\\Account.test.tsx:230:16)\n    at Object.renderWithNavigation (C:\\Users\\MarieBerx\\Documents\\StartToBrew\\StartBrewing\\__tests__\\Account.test.tsx:235:27)\n    at Generator.next (<anonymous>)\n    at asyncGeneratorStep (C:\\Users\\MarieBerx\\Documents\\StartToBrew\\StartBrewing\\node_modules\\@babel\\runtime\\helpers\\asyncToGenerator.js:3:17)\n    at _next (C:\\Users\\MarieBerx\\Documents\\StartToBrew\\StartBrewing\\node_modules\\@babel\\runtime\\helpers\\asyncToGenerator.js:17:9)\n    at C:\\Users\\MarieBerx\\Documents\\StartToBrew\\StartBrewing\\node_modules\\@babel\\runtime\\helpers\\asyncToGenerator.js:22:7\n    at new Promise (<anonymous>)\n    at Object.<anonymous> (C:\\Users\\MarieBerx\\Documents\\StartToBrew\\StartBrewing\\node_modules\\@babel\\runtime\\helpers\\asyncToGenerator.js:14:12)\n    at Promise.then.completed (C:\\Users\\MarieBerx\\Documents\\StartToBrew\\StartBrewing\\node_modules\\jest-circus\\build\\utils.js:298:28)\n    at new Promise (<anonymous>)\n    at callAsyncCircusFn (C:\\Users\\MarieBerx\\Documents\\StartToBrew\\StartBrewing\\node_modules\\jest-circus\\build\\utils.js:231:10)\n    at _callCircusTest (C:\\Users\\MarieBerx\\Documents\\StartToBrew\\StartBrewing\\node_modules\\jest-circus\\build\\run.js:316:40)\n    at _runTest (C:\\Users\\MarieBerx\\Documents\\StartToBrew\\StartBrewing\\node_modules\\jest-circus\\build\\run.js:252:3)\n    at _runTestsForDescribeBlock (C:\\Users\\MarieBerx\\Documents\\StartToBrew\\StartBrewing\\node_modules\\jest-circus\\build\\run.js:126:9)\n    at _runTestsForDescribeBlock (C:\\Users\\MarieBerx\\Documents\\StartToBrew\\StartBrewing\\node_modules\\jest-circus\\build\\run.js:121:9)\n    at run (C:\\Users\\MarieBerx\\Documents\\StartToBrew\\StartBrewing\\node_modules\\jest-circus\\build\\run.js:71:3)\n    at runAndTransformResultsToJestFormat (C:\\Users\\MarieBerx\\Documents\\StartToBrew\\StartBrewing\\node_modules\\jest-circus\\build\\legacy-code-todo-rewrite\\jestAdapterInit.js:122:21)\n    at jestAdapter (C:\\Users\\MarieBerx\\Documents\\StartToBrew\\StartBrewing\\node_modules\\jest-circus\\build\\legacy-code-todo-rewrite\\jestAdapter.js:79:19)\n    at runTestInternal (C:\\Users\\MarieBerx\\Documents\\StartToBrew\\StartBrewing\\node_modules\\jest-runner\\build\\runTest.js:367:16)\n    at runTest (C:\\Users\\MarieBerx\\Documents\\StartToBrew\\StartBrewing\\node_modules\\jest-runner\\build\\runTest.js:444:34)"],"fullName":"<Account /> renders profile data + badges section + completed brews","invocations":1,"location":null,"numPassingAsserts":0,"retryReasons":[],"status":"failed","title":"renders profile data + badges section + completed brews"},{"ancestorTitles":["<Account />"],"duration":67,"failureDetails":[{},{}],"failureMessages":["Error: Too many re-renders. React limits the number of renders to prevent an infinite loop.\n    at renderWithHooksAgain (C:\\Users\\MarieBerx\\Documents\\StartToBrew\\StartBrewing\\node_modules\\react-test-renderer\\cjs\\react-test-renderer.development.js:2951:17)\n    at renderWithHooks (C:\\Users\\MarieBerx\\Documents\\StartToBrew\\StartBrewing\\node_modules\\react-test-renderer\\cjs\\react-test-renderer.development.js:2869:21)\n    at updateFunctionComponent (C:\\Users\\MarieBerx\\Documents\\StartToBrew\\StartBrewing\\node_modules\\react-test-renderer\\cjs\\react-test-renderer.development.js:6006:19)\n    at beginWork (C:\\Users\\MarieBerx\\Documents\\StartToBrew\\StartBrewing\\node_modules\\react-test-renderer\\cjs\\react-test-renderer.development.js:7474:18)\n    at runWithFiberInDEV (C:\\Users\\MarieBerx\\Documents\\StartToBrew\\StartBrewing\\node_modules\\react-test-renderer\\cjs\\react-test-renderer.development.js:1574:13)\n    at performUnitOfWork (C:\\Users\\MarieBerx\\Documents\\StartToBrew\\StartBrewing\\node_modules\\react-test-renderer\\cjs\\react-test-renderer.development.js:10972:22)\n    at workLoopSync (C:\\Users\\MarieBerx\\Documents\\StartToBrew\\StartBrewing\\node_modules\\react-test-renderer\\cjs\\react-test-renderer.development.js:10816:41)\n    at renderRootSync (C:\\Users\\MarieBerx\\Documents\\StartToBrew\\StartBrewing\\node_modules\\react-test-renderer\\cjs\\react-test-renderer.development.js:10797:11)\n    at performWorkOnRoot (C:\\Users\\MarieBerx\\Documents\\StartToBrew\\StartBrewing\\node_modules\\react-test-renderer\\cjs\\react-test-renderer.development.js:10384:39)\n    at performWorkOnRootViaSchedulerTask (C:\\Users\\MarieBerx\\Documents\\StartToBrew\\StartBrewing\\node_modules\\react-test-renderer\\cjs\\react-test-renderer.development.js:2094:7)\n    at flushActQueue (C:\\Users\\MarieBerx\\Documents\\StartToBrew\\StartBrewing\\node_modules\\react\\cjs\\react.development.js:566:34)\n    at Object.<anonymous>.process.env.NODE_ENV.exports.act (C:\\Users\\MarieBerx\\Documents\\StartToBrew\\StartBrewing\\node_modules\\react\\cjs\\react.development.js:859:10)\n    at actImplementation (C:\\Users\\MarieBerx\\Documents\\StartToBrew\\StartBrewing\\node_modules\\@testing-library\\react-native\\src\\act.ts:30:25)\n    at renderWithAct (C:\\Users\\MarieBerx\\Documents\\StartToBrew\\StartBrewing\\node_modules\\@testing-library\\react-native\\src\\render-act.ts:13:11)\n    at renderInternal (C:\\Users\\MarieBerx\\Documents\\StartToBrew\\StartBrewing\\node_modules\\@testing-library\\react-native\\src\\render.tsx:69:33)\n    at renderInternal (C:\\Users\\MarieBerx\\Documents\\StartToBrew\\StartBrewing\\node_modules\\@testing-library\\react-native\\src\\render.tsx:44:10)\n    at renderWithNavigation (C:\\Users\\MarieBerx\\Documents\\StartToBrew\\StartBrewing\\__tests__\\Account.test.tsx:230:16)\n    at Object.renderWithNavigation (C:\\Users\\MarieBerx\\Documents\\StartToBrew\\StartBrewing\\__tests__\\Account.test.tsx:257:27)\n    at Generator.next (<anonymous>)\n    at asyncGeneratorStep (C:\\Users\\MarieBerx\\Documents\\StartToBrew\\StartBrewing\\node_modules\\@babel\\runtime\\helpers\\asyncToGenerator.js:3:17)\n    at _next (C:\\Users\\MarieBerx\\Documents\\StartToBrew\\StartBrewing\\node_modules\\@babel\\runtime\\helpers\\asyncToGenerator.js:17:9)\n    at C:\\Users\\MarieBerx\\Documents\\StartToBrew\\StartBrewing\\node_modules\\@babel\\runtime\\helpers\\asyncToGenerator.js:22:7\n    at new Promise (<anonymous>)\n    at Object.<anonymous> (C:\\Users\\MarieBerx\\Documents\\StartToBrew\\StartBrewing\\node_modules\\@babel\\runtime\\helpers\\asyncToGenerator.js:14:12)\n    at Promise.then.completed (C:\\Users\\MarieBerx\\Documents\\StartToBrew\\StartBrewing\\node_modules\\jest-circus\\build\\utils.js:298:28)\n    at new Promise (<anonymous>)\n    at callAsyncCircusFn (C:\\Users\\MarieBerx\\Documents\\StartToBrew\\StartBrewing\\node_modules\\jest-circus\\build\\utils.js:231:10)\n    at _callCircusTest (C:\\Users\\MarieBerx\\Documents\\StartToBrew\\StartBrewing\\node_modules\\jest-circus\\build\\run.js:316:40)\n    at _runTest (C:\\Users\\MarieBerx\\Documents\\StartToBrew\\StartBrewing\\node_modules\\jest-circus\\build\\run.js:252:3)\n    at _runTestsForDescribeBlock (C:\\Users\\MarieBerx\\Documents\\StartToBrew\\StartBrewing\\node_modules\\jest-circus\\build\\run.js:126:9)\n    at _runTestsForDescribeBlock (C:\\Users\\MarieBerx\\Documents\\StartToBrew\\StartBrewing\\node_modules\\jest-circus\\build\\run.js:121:9)\n    at run (C:\\Users\\MarieBerx\\Documents\\StartToBrew\\StartBrewing\\node_modules\\jest-circus\\build\\run.js:71:3)\n    at runAndTransformResultsToJestFormat (C:\\Users\\MarieBerx\\Documents\\StartToBrew\\StartBrewing\\node_modules\\jest-circus\\build\\legacy-code-todo-rewrite\\jestAdapterInit.js:122:21)\n    at jestAdapter (C:\\Users\\MarieBerx\\Documents\\StartToBrew\\StartBrewing\\node_modules\\jest-circus\\build\\legacy-code-todo-rewrite\\jestAdapter.js:79:19)\n    at runTestInternal (C:\\Users\\MarieBerx\\Documents\\StartToBrew\\StartBrewing\\node_modules\\jest-runner\\build\\runTest.js:367:16)\n    at runTest (C:\\Users\\MarieBerx\\Documents\\StartToBrew\\StartBrewing\\node_modules\\jest-runner\\build\\runTest.js:444:34)","Error: Can't access .root on unmounted test renderer\n    at Object.get [as root] (C:\\Users\\MarieBerx\\Documents\\StartToBrew\\StartBrewing\\node_modules\\react-test-renderer\\cjs\\react-test-renderer.development.js:14707:19)\n    at root (C:\\Users\\MarieBerx\\Documents\\StartToBrew\\StartBrewing\\node_modules\\@testing-library\\react-native\\src\\render.tsx:101:29)\n    at buildRenderResult (C:\\Users\\MarieBerx\\Documents\\StartToBrew\\StartBrewing\\node_modules\\@testing-library\\react-native\\src\\render.tsx:70:10)\n    at renderInternal (C:\\Users\\MarieBerx\\Documents\\StartToBrew\\StartBrewing\\node_modules\\@testing-library\\react-native\\src\\render.tsx:44:10)\n    at renderWithNavigation (C:\\Users\\MarieBerx\\Documents\\StartToBrew\\StartBrewing\\__tests__\\Account.test.tsx:230:16)\n    at Object.renderWithNavigation (C:\\Users\\MarieBerx\\Documents\\StartToBrew\\StartBrewing\\__tests__\\Account.test.tsx:257:27)\n    at Generator.next (<anonymous>)\n    at asyncGeneratorStep (C:\\Users\\MarieBerx\\Documents\\StartToBrew\\StartBrewing\\node_modules\\@babel\\runtime\\helpers\\asyncToGenerator.js:3:17)\n    at _next (C:\\Users\\MarieBerx\\Documents\\StartToBrew\\StartBrewing\\node_modules\\@babel\\runtime\\helpers\\asyncToGenerator.js:17:9)\n    at C:\\Users\\MarieBerx\\Documents\\StartToBrew\\StartBrewing\\node_modules\\@babel\\runtime\\helpers\\asyncToGenerator.js:22:7\n    at new Promise (<anonymous>)\n    at Object.<anonymous> (C:\\Users\\MarieBerx\\Documents\\StartToBrew\\StartBrewing\\node_modules\\@babel\\runtime\\helpers\\asyncToGenerator.js:14:12)\n    at Promise.then.completed (C:\\Users\\MarieBerx\\Documents\\StartToBrew\\StartBrewing\\node_modules\\jest-circus\\build\\utils.js:298:28)\n    at new Promise (<anonymous>)\n    at callAsyncCircusFn (C:\\Users\\MarieBerx\\Documents\\StartToBrew\\StartBrewing\\node_modules\\jest-circus\\build\\utils.js:231:10)\n    at _callCircusTest (C:\\Users\\MarieBerx\\Documents\\StartToBrew\\StartBrewing\\node_modules\\jest-circus\\build\\run.js:316:40)\n    at _runTest (C:\\Users\\MarieBerx\\Documents\\StartToBrew\\StartBrewing\\node_modules\\jest-circus\\build\\run.js:252:3)\n    at _runTestsForDescribeBlock (C:\\Users\\MarieBerx\\Documents\\StartToBrew\\StartBrewing\\node_modules\\jest-circus\\build\\run.js:126:9)\n    at _runTestsForDescribeBlock (C:\\Users\\MarieBerx\\Documents\\StartToBrew\\StartBrewing\\node_modules\\jest-circus\\build\\run.js:121:9)\n    at run (C:\\Users\\MarieBerx\\Documents\\StartToBrew\\StartBrewing\\node_modules\\jest-circus\\build\\run.js:71:3)\n    at runAndTransformResultsToJestFormat (C:\\Users\\MarieBerx\\Documents\\StartToBrew\\StartBrewing\\node_modules\\jest-circus\\build\\legacy-code-todo-rewrite\\jestAdapterInit.js:122:21)\n    at jestAdapter (C:\\Users\\MarieBerx\\Documents\\StartToBrew\\StartBrewing\\node_modules\\jest-circus\\build\\legacy-code-todo-rewrite\\jestAdapter.js:79:19)\n    at runTestInternal (C:\\Users\\MarieBerx\\Documents\\StartToBrew\\StartBrewing\\node_modules\\jest-runner\\build\\runTest.js:367:16)\n    at runTest (C:\\Users\\MarieBerx\\Documents\\StartToBrew\\StartBrewing\\node_modules\\jest-runner\\build\\runTest.js:444:34)"],"fullName":"<Account /> navigates to account edit","invocations":1,"location":null,"numPassingAsserts":0,"retryReasons":[],"status":"failed","title":"navigates to account edit"}],"endTime":1764695326897,"message":"\u001b[1m\u001b[31m  \u001b[1m● \u001b[22m\u001b[1m<Account /> › renders profile data + badges section + completed brews\u001b[39m\u001b[22m\n\n    Too many re-renders. React limits the number of renders to prevent an infinite loop.\n\u001b[2m\u001b[22m\n\u001b[2m    \u001b[0m \u001b[90m 228 |\u001b[39m\u001b[22m\n\u001b[2m     \u001b[90m 229 |\u001b[39m \u001b[36mconst\u001b[39m renderWithNavigation \u001b[33m=\u001b[39m (ui\u001b[33m:\u001b[39m \u001b[33mReact\u001b[39m\u001b[33m.\u001b[39m\u001b[33mReactElement\u001b[39m) \u001b[33m=>\u001b[39m {\u001b[22m\n\u001b[2m    \u001b[31m\u001b[1m>\u001b[22m\u001b[2m\u001b[39m\u001b[90m 230 |\u001b[39m   \u001b[36mreturn\u001b[39m render(\u001b[33m<\u001b[39m\u001b[33mNavigationContainer\u001b[39m\u001b[33m>\u001b[39m{ui}\u001b[33m<\u001b[39m\u001b[33m/\u001b[39m\u001b[33mNavigationContainer\u001b[39m\u001b[33m>\u001b[39m)\u001b[33m;\u001b[39m\u001b[22m\n\u001b[2m     \u001b[90m     |\u001b[39m                \u001b[31m\u001b[1m^\u001b[22m\u001b[2m\u001b[39m\u001b[22m\n\u001b[2m     \u001b[90m 231 |\u001b[39m }\u001b[33m;\u001b[39m\u001b[22m\n\u001b[2m     \u001b[90m 232 |\u001b[39m\u001b[22m\n\u001b[2m     \u001b[90m 233 |\u001b[39m describe(\u001b[32m\"<Account />\"\u001b[39m\u001b[33m,\u001b[39m () \u001b[33m=>\u001b[39m {\u001b[0m\u001b[22m\n\u001b[2m\u001b[22m\n\u001b[2m      \u001b[2mat renderWithHooksAgain (\u001b[22m\u001b[2mnode_modules/react-test-renderer/cjs/react-test-renderer.development.js\u001b[2m:2951:17)\u001b[22m\u001b[2m\u001b[22m\n\u001b[2m      \u001b[2mat renderWithHooks (\u001b[22m\u001b[2mnode_modules/react-test-renderer/cjs/react-test-renderer.development.js\u001b[2m:2869:21)\u001b[22m\u001b[2m\u001b[22m\n\u001b[2m      \u001b[2mat updateFunctionComponent (\u001b[22m\u001b[2mnode_modules/react-test-renderer/cjs/react-test-renderer.development.js\u001b[2m:6006:19)\u001b[22m\u001b[2m\u001b[22m\n\u001b[2m      \u001b[2mat beginWork (\u001b[22m\u001b[2mnode_modules/react-test-renderer/cjs/react-test-renderer.development.js\u001b[2m:7474:18)\u001b[22m\u001b[2m\u001b[22m\n\u001b[2m      \u001b[2mat runWithFiberInDEV (\u001b[22m\u001b[2mnode_modules/react-test-renderer/cjs/react-test-renderer.development.js\u001b[2m:1574:13)\u001b[22m\u001b[2m\u001b[22m\n\u001b[2m      \u001b[2mat performUnitOfWork (\u001b[22m\u001b[2mnode_modules/react-test-renderer/cjs/react-test-renderer.development.js\u001b[2m:10972:22)\u001b[22m\u001b[2m\u001b[22m\n\u001b[2m      \u001b[2mat workLoopSync (\u001b[22m\u001b[2mnode_modules/react-test-renderer/cjs/react-test-renderer.development.js\u001b[2m:10816:41)\u001b[22m\u001b[2m\u001b[22m\n\u001b[2m      \u001b[2mat renderRootSync (\u001b[22m\u001b[2mnode_modules/react-test-renderer/cjs/react-test-renderer.development.js\u001b[2m:10797:11)\u001b[22m\u001b[2m\u001b[22m\n\u001b[2m      \u001b[2mat performWorkOnRoot (\u001b[22m\u001b[2mnode_modules/react-test-renderer/cjs/react-test-renderer.development.js\u001b[2m:10384:39)\u001b[22m\u001b[2m\u001b[22m\n\u001b[2m      \u001b[2mat performWorkOnRootViaSchedulerTask (\u001b[22m\u001b[2mnode_modules/react-test-renderer/cjs/react-test-renderer.development.js\u001b[2m:2094:7)\u001b[22m\u001b[2m\u001b[22m\n\u001b[2m      \u001b[2mat flushActQueue (\u001b[22m\u001b[2mnode_modules/react/cjs/react.development.js\u001b[2m:566:34)\u001b[22m\u001b[2m\u001b[22m\n\u001b[2m      \u001b[2mat Object.<anonymous>.process.env.NODE_ENV.exports.act (\u001b[22m\u001b[2mnode_modules/react/cjs/react.development.js\u001b[2m:859:10)\u001b[22m\u001b[2m\u001b[22m\n\u001b[2m      \u001b[2mat actImplementation (\u001b[22m\u001b[2mnode_modules/@testing-library/react-native/src/act.ts\u001b[2m:30:25)\u001b[22m\u001b[2m\u001b[22m\n\u001b[2m      \u001b[2mat renderWithAct (\u001b[22m\u001b[2mnode_modules/@testing-library/react-native/src/render-act.ts\u001b[2m:13:11)\u001b[22m\u001b[2m\u001b[22m\n\u001b[2m      \u001b[2mat renderInternal (\u001b[22m\u001b[2mnode_modules/@testing-library/react-native/src/render.tsx\u001b[2m:69:33)\u001b[22m\u001b[2m\u001b[22m\n\u001b[2m      \u001b[2mat renderInternal (\u001b[22m\u001b[2mnode_modules/@testing-library/react-native/src/render.tsx\u001b[2m:44:10)\u001b[22m\u001b[2m\u001b[22m\n\u001b[2m      \u001b[2mat renderWithNavigation (\u001b[22m\u001b[2m\u001b[0m\u001b[36m__tests__/Account.test.tsx\u001b[39m\u001b[0m\u001b[2m:230:16)\u001b[22m\u001b[2m\u001b[22m\n\u001b[2m      \u001b[2mat Object.renderWithNavigation (\u001b[22m\u001b[2m\u001b[0m\u001b[36m__tests__/Account.test.tsx\u001b[39m\u001b[0m\u001b[2m:235:27)\u001b[22m\u001b[2m\u001b[22m\n\u001b[2m      \u001b[2mat asyncGeneratorStep (\u001b[22m\u001b[2mnode_modules/@babel/runtime/helpers/asyncToGenerator.js\u001b[2m:3:17)\u001b[22m\u001b[2m\u001b[22m\n\u001b[2m      \u001b[2mat _next (\u001b[22m\u001b[2mnode_modules/@babel/runtime/helpers/asyncToGenerator.js\u001b[2m:17:9)\u001b[22m\u001b[2m\u001b[22m\n\u001b[2m      \u001b[2mat \u001b[22m\u001b[2mnode_modules/@babel/runtime/helpers/asyncToGenerator.js\u001b[2m:22:7\u001b[22m\u001b[2m\u001b[22m\n\u001b[2m      \u001b[2mat Object.<anonymous> (\u001b[22m\u001b[2mnode_modules/@babel/runtime/helpers/asyncToGenerator.js\u001b[2m:14:12)\u001b[22m\u001b[2m\u001b[22m\n\n\u001b[1m\u001b[31m  \u001b[1m● \u001b[22m\u001b[1m<Account /> › renders profile data + badges section + completed brews\u001b[39m\u001b[22m\n\n    Can't access .root on unmounted test renderer\n\u001b[2m\u001b[22m\n\u001b[2m    \u001b[0m \u001b[90m 228 |\u001b[39m\u001b[22m\n\u001b[2m     \u001b[90m 229 |\u001b[39m \u001b[36mconst\u001b[39m renderWithNavigation \u001b[33m=\u001b[39m (ui\u001b[33m:\u001b[39m \u001b[33mReact\u001b[39m\u001b[33m.\u001b[39m\u001b[33mReactElement\u001b[39m) \u001b[33m=>\u001b[39m {\u001b[22m\n\u001b[2m    \u001b[31m\u001b[1m>\u001b[22m\u001b[2m\u001b[39m\u001b[90m 230 |\u001b[39m   \u001b[36mreturn\u001b[39m render(\u001b[33m<\u001b[39m\u001b[33mNavigationContainer\u001b[39m\u001b[33m>\u001b[39m{ui}\u001b[33m<\u001b[39m\u001b[33m/\u001b[39m\u001b[33mNavigationContainer\u001b[39m\u001b[33m>\u001b[39m)\u001b[33m;\u001b[39m\u001b[22m\n\u001b[2m     \u001b[90m     |\u001b[39m                \u001b[31m\u001b[1m^\u001b[22m\u001b[2m\u001b[39m\u001b[22m\n\u001b[2m     \u001b[90m 231 |\u001b[39m }\u001b[33m;\u001b[39m\u001b[22m\n\u001b[2m     \u001b[90m 232 |\u001b[39m\u001b[22m\n\u001b[2m     \u001b[90m 233 |\u001b[39m describe(\u001b[32m\"<Account />\"\u001b[39m\u001b[33m,\u001b[39m () \u001b[33m=>\u001b[39m {\u001b[0m\u001b[22m\n\u001b[2m\u001b[22m\n\u001b[2m      \u001b[2mat Object.get [as root] (\u001b[22m\u001b[2mnode_modules/react-test-renderer/cjs/react-test-renderer.development.js\u001b[2m:14707:19)\u001b[22m\u001b[2m\u001b[22m\n\u001b[2m      \u001b[2mat root (\u001b[22m\u001b[2mnode_modules/@testing-library/react-native/src/render.tsx\u001b[2m:101:29)\u001b[22m\u001b[2m\u001b[22m\n\u001b[2m      \u001b[2mat buildRenderResult (\u001b[22m\u001b[2mnode_modules/@testing-library/react-native/src/render.tsx\u001b[2m:70:10)\u001b[22m\u001b[2m\u001b[22m\n\u001b[2m      \u001b[2mat renderInternal (\u001b[22m\u001b[2mnode_modules/@testing-library/react-native/src/render.tsx\u001b[2m:44:10)\u001b[22m\u001b[2m\u001b[22m\n\u001b[2m      \u001b[2mat renderWithNavigation (\u001b[22m\u001b[2m\u001b[0m\u001b[36m__tests__/Account.test.tsx\u001b[39m\u001b[0m\u001b[2m:230:16)\u001b[22m\u001b[2m\u001b[22m\n\u001b[2m      \u001b[2mat Object.renderWithNavigation (\u001b[22m\u001b[2m\u001b[0m\u001b[36m__tests__/Account.test.tsx\u001b[39m\u001b[0m\u001b[2m:235:27)\u001b[22m\u001b[2m\u001b[22m\n\u001b[2m      \u001b[2mat asyncGeneratorStep (\u001b[22m\u001b[2mnode_modules/@babel/runtime/helpers/asyncToGenerator.js\u001b[2m:3:17)\u001b[22m\u001b[2m\u001b[22m\n\u001b[2m      \u001b[2mat _next (\u001b[22m\u001b[2mnode_modules/@babel/runtime/helpers/asyncToGenerator.js\u001b[2m:17:9)\u001b[22m\u001b[2m\u001b[22m\n\u001b[2m      \u001b[2mat \u001b[22m\u001b[2mnode_modules/@babel/runtime/helpers/asyncToGenerator.js\u001b[2m:22:7\u001b[22m\u001b[2m\u001b[22m\n\u001b[2m      \u001b[2mat Object.<anonymous> (\u001b[22m\u001b[2mnode_modules/@babel/runtime/helpers/asyncToGenerator.js\u001b[2m:14:12)\u001b[22m\u001b[2m\u001b[22m\n\n\u001b[1m\u001b[31m  \u001b[1m● \u001b[22m\u001b[1m<Account /> › navigates to account edit\u001b[39m\u001b[22m\n\n    Too many re-renders. React limits the number of renders to prevent an infinite loop.\n\u001b[2m\u001b[22m\n\u001b[2m    \u001b[0m \u001b[90m 228 |\u001b[39m\u001b[22m\n\u001b[2m     \u001b[90m 229 |\u001b[39m \u001b[36mconst\u001b[39m renderWithNavigation \u001b[33m=\u001b[39m (ui\u001b[33m:\u001b[39m \u001b[33mReact\u001b[39m\u001b[33m.\u001b[39m\u001b[33mReactElement\u001b[39m) \u001b[33m=>\u001b[39m {\u001b[22m\n\u001b[2m    \u001b[31m\u001b[1m>\u001b[22m\u001b[2m\u001b[39m\u001b[90m 230 |\u001b[39m   \u001b[36mreturn\u001b[39m render(\u001b[33m<\u001b[39m\u001b[33mNavigationContainer\u001b[39m\u001b[33m>\u001b[39m{ui}\u001b[33m<\u001b[39m\u001b[33m/\u001b[39m\u001b[33mNavigationContainer\u001b[39m\u001b[33m>\u001b[39m)\u001b[33m;\u001b[39m\u001b[22m\n\u001b[2m     \u001b[90m     |\u001b[39m                \u001b[31m\u001b[1m^\u001b[22m\u001b[2m\u001b[39m\u001b[22m\n\u001b[2m     \u001b[90m 231 |\u001b[39m }\u001b[33m;\u001b[39m\u001b[22m\n\u001b[2m     \u001b[90m 232 |\u001b[39m\u001b[22m\n\u001b[2m     \u001b[90m 233 |\u001b[39m describe(\u001b[32m\"<Account />\"\u001b[39m\u001b[33m,\u001b[39m () \u001b[33m=>\u001b[39m {\u001b[0m\u001b[22m\n\u001b[2m\u001b[22m\n\u001b[2m      \u001b[2mat renderWithHooksAgain (\u001b[22m\u001b[2mnode_modules/react-test-renderer/cjs/react-test-renderer.development.js\u001b[2m:2951:17)\u001b[22m\u001b[2m\u001b[22m\n\u001b[2m      \u001b[2mat renderWithHooks (\u001b[22m\u001b[2mnode_modules/react-test-renderer/cjs/react-test-renderer.development.js\u001b[2m:2869:21)\u001b[22m\u001b[2m\u001b[22m\n\u001b[2m      \u001b[2mat updateFunctionComponent (\u001b[22m\u001b[2mnode_modules/react-test-renderer/cjs/react-test-renderer.development.js\u001b[2m:6006:19)\u001b[22m\u001b[2m\u001b[22m\n\u001b[2m      \u001b[2mat beginWork (\u001b[22m\u001b[2mnode_modules/react-test-renderer/cjs/react-test-renderer.development.js\u001b[2m:7474:18)\u001b[22m\u001b[2m\u001b[22m\n\u001b[2m      \u001b[2mat runWithFiberInDEV (\u001b[22m\u001b[2mnode_modules/react-test-renderer/cjs/react-test-renderer.development.js\u001b[2m:1574:13)\u001b[22m\u001b[2m\u001b[22m\n\u001b[2m      \u001b[2mat performUnitOfWork (\u001b[22m\u001b[2mnode_modules/react-test-renderer/cjs/react-test-renderer.development.js\u001b[2m:10972:22)\u001b[22m\u001b[2m\u001b[22m\n\u001b[2m      \u001b[2mat workLoopSync (\u001b[22m\u001b[2mnode_modules/react-test-renderer/cjs/react-test-renderer.development.js\u001b[2m:10816:41)\u001b[22m\u001b[2m\u001b[22m\n\u001b[2m      \u001b[2mat renderRootSync (\u001b[22m\u001b[2mnode_modules/react-test-renderer/cjs/react-test-renderer.development.js\u001b[2m:10797:11)\u001b[22m\u001b[2m\u001b[22m\n\u001b[2m      \u001b[2mat performWorkOnRoot (\u001b[22m\u001b[2mnode_modules/react-test-renderer/cjs/react-test-renderer.development.js\u001b[2m:10384:39)\u001b[22m\u001b[2m\u001b[22m\n\u001b[2m      \u001b[2mat performWorkOnRootViaSchedulerTask (\u001b[22m\u001b[2mnode_modules/react-test-renderer/cjs/react-test-renderer.development.js\u001b[2m:2094:7)\u001b[22m\u001b[2m\u001b[22m\n\u001b[2m      \u001b[2mat flushActQueue (\u001b[22m\u001b[2mnode_modules/react/cjs/react.development.js\u001b[2m:566:34)\u001b[22m\u001b[2m\u001b[22m\n\u001b[2m      \u001b[2mat Object.<anonymous>.process.env.NODE_ENV.exports.act (\u001b[22m\u001b[2mnode_modules/react/cjs/react.development.js\u001b[2m:859:10)\u001b[22m\u001b[2m\u001b[22m\n\u001b[2m      \u001b[2mat actImplementation (\u001b[22m\u001b[2mnode_modules/@testing-library/react-native/src/act.ts\u001b[2m:30:25)\u001b[22m\u001b[2m\u001b[22m\n\u001b[2m      \u001b[2mat renderWithAct (\u001b[22m\u001b[2mnode_modules/@testing-library/react-native/src/render-act.ts\u001b[2m:13:11)\u001b[22m\u001b[2m\u001b[22m\n\u001b[2m      \u001b[2mat renderInternal (\u001b[22m\u001b[2mnode_modules/@testing-library/react-native/src/render.tsx\u001b[2m:69:33)\u001b[22m\u001b[2m\u001b[22m\n\u001b[2m      \u001b[2mat renderInternal (\u001b[22m\u001b[2mnode_modules/@testing-library/react-native/src/render.tsx\u001b[2m:44:10)\u001b[22m\u001b[2m\u001b[22m\n\u001b[2m      \u001b[2mat renderWithNavigation (\u001b[22m\u001b[2m\u001b[0m\u001b[36m__tests__/Account.test.tsx\u001b[39m\u001b[0m\u001b[2m:230:16)\u001b[22m\u001b[2m\u001b[22m\n\u001b[2m      \u001b[2mat Object.renderWithNavigation (\u001b[22m\u001b[2m\u001b[0m\u001b[36m__tests__/Account.test.tsx\u001b[39m\u001b[0m\u001b[2m:257:27)\u001b[22m\u001b[2m\u001b[22m\n\u001b[2m      \u001b[2mat asyncGeneratorStep (\u001b[22m\u001b[2mnode_modules/@babel/runtime/helpers/asyncToGenerator.js\u001b[2m:3:17)\u001b[22m\u001b[2m\u001b[22m\n\u001b[2m      \u001b[2mat _next (\u001b[22m\u001b[2mnode_modules/@babel/runtime/helpers/asyncToGenerator.js\u001b[2m:17:9)\u001b[22m\u001b[2m\u001b[22m\n\u001b[2m      \u001b[2mat \u001b[22m\u001b[2mnode_modules/@babel/runtime/helpers/asyncToGenerator.js\u001b[2m:22:7\u001b[22m\u001b[2m\u001b[22m\n\u001b[2m      \u001b[2mat Object.<anonymous> (\u001b[22m\u001b[2mnode_modules/@babel/runtime/helpers/asyncToGenerator.js\u001b[2m:14:12)\u001b[22m\u001b[2m\u001b[22m\n\n\u001b[1m\u001b[31m  \u001b[1m● \u001b[22m\u001b[1m<Account /> › navigates to account edit\u001b[39m\u001b[22m\n\n    Can't access .root on unmounted test renderer\n\u001b[2m\u001b[22m\n\u001b[2m    \u001b[0m \u001b[90m 228 |\u001b[39m\u001b[22m\n\u001b[2m     \u001b[90m 229 |\u001b[39m \u001b[36mconst\u001b[39m renderWithNavigation \u001b[33m=\u001b[39m (ui\u001b[33m:\u001b[39m \u001b[33mReact\u001b[39m\u001b[33m.\u001b[39m\u001b[33mReactElement\u001b[39m) \u001b[33m=>\u001b[39m {\u001b[22m\n\u001b[2m    \u001b[31m\u001b[1m>\u001b[22m\u001b[2m\u001b[39m\u001b[90m 230 |\u001b[39m   \u001b[36mreturn\u001b[39m render(\u001b[33m<\u001b[39m\u001b[33mNavigationContainer\u001b[39m\u001b[33m>\u001b[39m{ui}\u001b[33m<\u001b[39m\u001b[33m/\u001b[39m\u001b[33mNavigationContainer\u001b[39m\u001b[33m>\u001b[39m)\u001b[33m;\u001b[39m\u001b[22m\n\u001b[2m     \u001b[90m     |\u001b[39m                \u001b[31m\u001b[1m^\u001b[22m\u001b[2m\u001b[39m\u001b[22m\n\u001b[2m     \u001b[90m 231 |\u001b[39m }\u001b[33m;\u001b[39m\u001b[22m\n\u001b[2m     \u001b[90m 232 |\u001b[39m\u001b[22m\n\u001b[2m     \u001b[90m 233 |\u001b[39m describe(\u001b[32m\"<Account />\"\u001b[39m\u001b[33m,\u001b[39m () \u001b[33m=>\u001b[39m {\u001b[0m\u001b[22m\n\u001b[2m\u001b[22m\n\u001b[2m      \u001b[2mat Object.get [as root] (\u001b[22m\u001b[2mnode_modules/react-test-renderer/cjs/react-test-renderer.development.js\u001b[2m:14707:19)\u001b[22m\u001b[2m\u001b[22m\n\u001b[2m      \u001b[2mat root (\u001b[22m\u001b[2mnode_modules/@testing-library/react-native/src/render.tsx\u001b[2m:101:29)\u001b[22m\u001b[2m\u001b[22m\n\u001b[2m      \u001b[2mat buildRenderResult (\u001b[22m\u001b[2mnode_modules/@testing-library/react-native/src/render.tsx\u001b[2m:70:10)\u001b[22m\u001b[2m\u001b[22m\n\u001b[2m      \u001b[2mat renderInternal (\u001b[22m\u001b[2mnode_modules/@testing-library/react-native/src/render.tsx\u001b[2m:44:10)\u001b[22m\u001b[2m\u001b[22m\n\u001b[2m      \u001b[2mat renderWithNavigation (\u001b[22m\u001b[2m\u001b[0m\u001b[36m__tests__/Account.test.tsx\u001b[39m\u001b[0m\u001b[2m:230:16)\u001b[22m\u001b[2m\u001b[22m\n\u001b[2m      \u001b[2mat Object.renderWithNavigation (\u001b[22m\u001b[2m\u001b[0m\u001b[36m__tests__/Account.test.tsx\u001b[39m\u001b[0m\u001b[2m:257:27)\u001b[22m\u001b[2m\u001b[22m\n\u001b[2m      \u001b[2mat asyncGeneratorStep (\u001b[22m\u001b[2mnode_modules/@babel/runtime/helpers/asyncToGenerator.js\u001b[2m:3:17)\u001b[22m\u001b[2m\u001b[22m\n\u001b[2m      \u001b[2mat _next (\u001b[22m\u001b[2mnode_modules/@babel/runtime/helpers/asyncToGenerator.js\u001b[2m:17:9)\u001b[22m\u001b[2m\u001b[22m\n\u001b[2m      \u001b[2mat \u001b[22m\u001b[2mnode_modules/@babel/runtime/helpers/asyncToGenerator.js\u001b[2m:22:7\u001b[22m\u001b[2m\u001b[22m\n\u001b[2m      \u001b[2mat Object.<anonymous> (\u001b[22m\u001b[2mnode_modules/@babel/runtime/helpers/asyncToGenerator.js\u001b[2m:14:12)\u001b[22m\u001b[2m\u001b[22m\n","name":"C:\\Users\\MarieBerx\\Documents\\StartToBrew\\StartBrewing\\__tests__\\Account.test.tsx","startTime":1764695325512,"status":"failed","summary":""},{"assertionResults":[{"ancestorTitles":["Agenda Component"],"duration":78,"failureDetails":[],"failureMessages":[],"fullName":"Agenda Component renders header and calendar","invocations":1,"location":null,"numPassingAsserts":1,"retryReasons":[],"status":"passed","title":"renders header and calendar"},{"ancestorTitles":["Agenda Component"],"duration":29,"failureDetails":[],"failureMessages":[],"fullName":"Agenda Component shows \"No tasks for this day\" when no data","invocations":1,"location":null,"numPassingAsserts":1,"retryReasons":[],"status":"passed","title":"shows \"No tasks for this day\" when no data"},{"ancestorTitles":["Agenda Component"],"duration":31,"failureDetails":[],"failureMessages":[],"fullName":"Agenda Component fetches data and updates phasesByDate","invocations":1,"location":null,"numPassingAsserts":1,"retryReasons":[],"status":"passed","title":"fetches data and updates phasesByDate"},{"ancestorTitles":["Agenda Component"],"duration":15,"failureDetails":[{}],"failureMessages":["Error: Unable to find an element with text: Calendar\n\n[\n  \u001b[36m<Text>\u001b[39m\n    \u001b[0mAgenda\u001b[0m\n  \u001b[36m</Text>\u001b[39m,\n  \u001b[36m<ActivityIndicator />\u001b[39m,\n  \u001b[36m<Text>\u001b[39m\n    \u001b[0mLoading progress...\u001b[0m\n  \u001b[36m</Text>\u001b[39m,\n]\n    at Object.getByText (C:\\Users\\MarieBerx\\Documents\\StartToBrew\\StartBrewing\\__tests__\\Agenda.test.tsx:155:21)\n    at Generator.next (<anonymous>)\n    at asyncGeneratorStep (C:\\Users\\MarieBerx\\Documents\\StartToBrew\\StartBrewing\\node_modules\\@babel\\runtime\\helpers\\asyncToGenerator.js:3:17)\n    at _next (C:\\Users\\MarieBerx\\Documents\\StartToBrew\\StartBrewing\\node_modules\\@babel\\runtime\\helpers\\asyncToGenerator.js:17:9)\n    at C:\\Users\\MarieBerx\\Documents\\StartToBrew\\StartBrewing\\node_modules\\@babel\\runtime\\helpers\\asyncToGenerator.js:22:7\n    at new Promise (<anonymous>)\n    at Object.<anonymous> (C:\\Users\\MarieBerx\\Documents\\StartToBrew\\StartBrewing\\node_modules\\@babel\\runtime\\helpers\\asyncToGenerator.js:14:12)\n    at Promise.then.completed (C:\\Users\\MarieBerx\\Documents\\StartToBrew\\StartBrewing\\node_modules\\jest-circus\\build\\utils.js:298:28)\n    at new Promise (<anonymous>)\n    at callAsyncCircusFn (C:\\Users\\MarieBerx\\Documents\\StartToBrew\\StartBrewing\\node_modules\\jest-circus\\build\\utils.js:231:10)\n    at _callCircusTest (C:\\Users\\MarieBerx\\Documents\\StartToBrew\\StartBrewing\\node_modules\\jest-circus\\build\\run.js:316:40)\n    at _runTest (C:\\Users\\MarieBerx\\Documents\\StartToBrew\\StartBrewing\\node_modules\\jest-circus\\build\\run.js:252:3)\n    at _runTestsForDescribeBlock (C:\\Users\\MarieBerx\\Documents\\StartToBrew\\StartBrewing\\node_modules\\jest-circus\\build\\run.js:126:9)\n    at _runTestsForDescribeBlock (C:\\Users\\MarieBerx\\Documents\\StartToBrew\\StartBrewing\\node_modules\\jest-circus\\build\\run.js:121:9)\n    at run (C:\\Users\\MarieBerx\\Documents\\StartToBrew\\StartBrewing\\node_modules\\jest-circus\\build\\run.js:71:3)\n    at runAndTransformResultsToJestFormat (C:\\Users\\MarieBerx\\Documents\\StartToBrew\\StartBrewing\\node_modules\\jest-circus\\build\\legacy-code-todo-rewrite\\jestAdapterInit.js:122:21)\n    at jestAdapter (C:\\Users\\MarieBerx\\Documents\\StartToBrew\\StartBrewing\\node_modules\\jest-circus\\build\\legacy-code-todo-rewrite\\jestAdapter.js:79:19)\n    at runTestInternal (C:\\Users\\MarieBerx\\Documents\\StartToBrew\\StartBrewing\\node_modules\\jest-runner\\build\\runTest.js:367:16)\n    at runTest (C:\\Users\\MarieBerx\\Documents\\StartToBrew\\StartBrewing\\node_modules\\jest-runner\\build\\runTest.js:444:34)"],"fullName":"Agenda Component changes currentDate when calendar day is pressed","invocations":1,"location":null,"numPassingAsserts":0,"retryReasons":[],"status":"failed","title":"changes currentDate when calendar day is pressed"},{"ancestorTitles":["Agenda Component"],"duration":4,"failureDetails":[],"failureMessages":[],"fullName":"Agenda Component navigates to progress page when progress button pressed","invocations":1,"location":null,"numPassingAsserts":1,"retryReasons":[],"status":"passed","title":"navigates to progress page when progress button pressed"},{"ancestorTitles":["Agenda Component"],"duration":16,"failureDetails":[],"failureMessages":[],"fullName":"Agenda Component matches snapshot","invocations":1,"location":null,"numPassingAsserts":1,"retryReasons":[],"status":"passed","title":"matches snapshot"}],"endTime":1764695328819,"message":"\u001b[1m\u001b[31m  \u001b[1m● \u001b[22m\u001b[1mAgenda Component › changes currentDate when calendar day is pressed\u001b[39m\u001b[22m\n\n    Unable to find an element with text: Calendar\n\n    [\n      \u001b[36m<Text>\u001b[39m\n        \u001b[0mAgenda\u001b[0m\n      \u001b[36m</Text>\u001b[39m,\n      \u001b[36m<ActivityIndicator />\u001b[39m,\n      \u001b[36m<Text>\u001b[39m\n        \u001b[0mLoading progress...\u001b[0m\n      \u001b[36m</Text>\u001b[39m,\n    ]\n\u001b[2m\u001b[22m\n\u001b[2m    \u001b[0m \u001b[90m 153 |\u001b[39m     )\u001b[33m;\u001b[39m\u001b[22m\n\u001b[2m     \u001b[90m 154 |\u001b[39m\u001b[22m\n\u001b[2m    \u001b[31m\u001b[1m>\u001b[22m\u001b[2m\u001b[39m\u001b[90m 155 |\u001b[39m     fireEvent\u001b[33m.\u001b[39mpress(getByText(\u001b[32m'Calendar'\u001b[39m))\u001b[33m;\u001b[39m\u001b[22m\n\u001b[2m     \u001b[90m     |\u001b[39m                     \u001b[31m\u001b[1m^\u001b[22m\u001b[2m\u001b[39m\u001b[22m\n\u001b[2m     \u001b[90m 156 |\u001b[39m\u001b[22m\n\u001b[2m     \u001b[90m 157 |\u001b[39m     \u001b[36mawait\u001b[39m waitFor(() \u001b[33m=>\u001b[39m {\u001b[22m\n\u001b[2m     \u001b[90m 158 |\u001b[39m       expect(getByText(\u001b[32m'Loading progress...'\u001b[39m))\u001b[33m.\u001b[39mtoBeTruthy()\u001b[33m;\u001b[39m\u001b[0m\u001b[22m\n\u001b[2m\u001b[22m\n\u001b[2m      \u001b[2mat Object.getByText (\u001b[22m\u001b[2m\u001b[0m\u001b[36m__tests__/Agenda.test.tsx\u001b[39m\u001b[0m\u001b[2m:155:21)\u001b[22m\u001b[2m\u001b[22m\n\u001b[2m      \u001b[2mat asyncGeneratorStep (\u001b[22m\u001b[2mnode_modules/@babel/runtime/helpers/asyncToGenerator.js\u001b[2m:3:17)\u001b[22m\u001b[2m\u001b[22m\n\u001b[2m      \u001b[2mat _next (\u001b[22m\u001b[2mnode_modules/@babel/runtime/helpers/asyncToGenerator.js\u001b[2m:17:9)\u001b[22m\u001b[2m\u001b[22m\n\u001b[2m      \u001b[2mat \u001b[22m\u001b[2mnode_modules/@babel/runtime/helpers/asyncToGenerator.js\u001b[2m:22:7\u001b[22m\u001b[2m\u001b[22m\n\u001b[2m      \u001b[2mat Object.<anonymous> (\u001b[22m\u001b[2mnode_modules/@babel/runtime/helpers/asyncToGenerator.js\u001b[2m:14:12)\u001b[22m\u001b[2m\u001b[22m\n","name":"C:\\Users\\MarieBerx\\Documents\\StartToBrew\\StartBrewing\\__tests__\\Agenda.test.tsx","startTime":1764695328433,"status":"failed","summary":""},{"assertionResults":[{"ancestorTitles":["<StoreItem /> minimal test"],"duration":278,"failureDetails":[],"failureMessages":[],"fullName":"<StoreItem /> minimal test renders without crashing and shows loading initially","invocations":1,"location":null,"numPassingAsserts":3,"retryReasons":[],"status":"passed","title":"renders without crashing and shows loading initially"},{"ancestorTitles":["<StoreItem /> minimal test"],"duration":181,"failureDetails":[],"failureMessages":[],"fullName":"<StoreItem /> minimal test calls router.push when back button pressed","invocations":1,"location":null,"numPassingAsserts":1,"retryReasons":[],"status":"passed","title":"calls router.push when back button pressed"},{"ancestorTitles":["<StoreItem /> minimal test"],"duration":183,"failureDetails":[],"failureMessages":[],"fullName":"<StoreItem /> minimal test increments and decrements quantity and updates total price","invocations":1,"location":null,"numPassingAsserts":6,"retryReasons":[],"status":"passed","title":"increments and decrements quantity and updates total price"},{"ancestorTitles":["<StoreItem /> minimal test"],"duration":94,"failureDetails":[],"failureMessages":[],"fullName":"<StoreItem /> minimal test matches snapshot after loading item","invocations":1,"location":null,"numPassingAsserts":2,"retryReasons":[],"status":"passed","title":"matches snapshot after loading item"}],"endTime":1764695331255,"message":"","name":"C:\\Users\\MarieBerx\\Documents\\StartToBrew\\StartBrewing\\__tests__\\StoreItem.test.tsx","startTime":1764695328839,"status":"passed","summary":""},{"assertionResults":[{"ancestorTitles":["<HomePage />"],"duration":77,"failureDetails":[],"failureMessages":[],"fullName":"<HomePage /> rendered hoofdsecties","invocations":1,"location":null,"numPassingAsserts":3,"retryReasons":[],"status":"passed","title":"rendered hoofdsecties"},{"ancestorTitles":["<HomePage />"],"duration":76,"failureDetails":[],"failureMessages":[],"fullName":"<HomePage /> laadt recipes","invocations":1,"location":null,"numPassingAsserts":3,"retryReasons":[],"status":"passed","title":"laadt recipes"},{"ancestorTitles":["<HomePage />"],"duration":60,"failureDetails":[],"failureMessages":[],"fullName":"<HomePage /> kan favorite togglen zonder crash","invocations":1,"location":null,"numPassingAsserts":1,"retryReasons":[],"status":"passed","title":"kan favorite togglen zonder crash"},{"ancestorTitles":["<HomePage />"],"duration":124,"failureDetails":[],"failureMessages":[],"fullName":"<HomePage /> navigates naar /Recipes via FAB","invocations":1,"location":null,"numPassingAsserts":1,"retryReasons":[],"status":"passed","title":"navigates naar /Recipes via FAB"},{"ancestorTitles":["<HomePage />"],"duration":127,"failureDetails":[],"failureMessages":[],"fullName":"<HomePage /> navigates naar SpecificRecipe via beer card","invocations":1,"location":null,"numPassingAsserts":1,"retryReasons":[],"status":"passed","title":"navigates naar SpecificRecipe via beer card"},{"ancestorTitles":["<HomePage />"],"duration":76,"failureDetails":[],"failureMessages":[],"fullName":"<HomePage /> toont de in-progress brews in de 'In progress' sectie","invocations":1,"location":null,"numPassingAsserts":5,"retryReasons":[],"status":"passed","title":"toont de in-progress brews in de 'In progress' sectie"},{"ancestorTitles":["<HomePage />"],"duration":122,"failureDetails":[],"failureMessages":[],"fullName":"<HomePage /> progress card navigates correctly","invocations":1,"location":null,"numPassingAsserts":1,"retryReasons":[],"status":"passed","title":"progress card navigates correctly"},{"ancestorTitles":["<HomePage />"],"duration":62,"failureDetails":[],"failureMessages":[],"fullName":"<HomePage /> snapshot","invocations":1,"location":null,"numPassingAsserts":1,"retryReasons":[],"status":"passed","title":"snapshot"}],"endTime":1764695332320,"message":"","name":"C:\\Users\\MarieBerx\\Documents\\StartToBrew\\StartBrewing\\__tests__\\Homepage.test.tsx","startTime":1764695331310,"status":"passed","summary":""},{"assertionResults":[{"ancestorTitles":["<SpecificRecipe />"],"duration":68,"failureDetails":[],"failureMessages":[],"fullName":"<SpecificRecipe /> renders the title of the recipe","invocations":1,"location":null,"numPassingAsserts":1,"retryReasons":[],"status":"passed","title":"renders the title of the recipe"},{"ancestorTitles":["<SpecificRecipe />"],"duration":30,"failureDetails":[],"failureMessages":[],"fullName":"<SpecificRecipe /> show startbrewing button","invocations":1,"location":null,"numPassingAsserts":1,"retryReasons":[],"status":"passed","title":"show startbrewing button"},{"ancestorTitles":["<SpecificRecipe />"],"duration":62,"failureDetails":[],"failureMessages":[],"fullName":"<SpecificRecipe /> it opens the kits modal window when startbrewing is pressed and it routes to progress","invocations":1,"location":null,"numPassingAsserts":2,"retryReasons":[],"status":"passed","title":"it opens the kits modal window when startbrewing is pressed and it routes to progress"},{"ancestorTitles":["<SpecificRecipe />"],"duration":596,"failureDetails":[],"failureMessages":[],"fullName":"<SpecificRecipe /> opens review modal and allows to click the stars","invocations":1,"location":null,"numPassingAsserts":3,"retryReasons":[],"status":"passed","title":"opens review modal and allows to click the stars"},{"ancestorTitles":["<SpecificRecipe />"],"duration":31,"failureDetails":[],"failureMessages":[],"fullName":"<SpecificRecipe /> snapshot","invocations":1,"location":null,"numPassingAsserts":1,"retryReasons":[],"status":"passed","title":"snapshot"}],"endTime":1764695333545,"message":"","name":"C:\\Users\\MarieBerx\\Documents\\StartToBrew\\StartBrewing\\__tests__\\SpecificRecipe.test.tsx","startTime":1764695332553,"status":"passed","summary":""},{"assertionResults":[{"ancestorTitles":["<StorePage />"],"duration":122,"failureDetails":[],"failureMessages":[],"fullName":"<StorePage /> renders main title","invocations":1,"location":null,"numPassingAsserts":1,"retryReasons":[],"status":"passed","title":"renders main title"},{"ancestorTitles":["<StorePage />"],"duration":78,"failureDetails":[],"failureMessages":[],"fullName":"<StorePage /> renders correct number of StoreCard components","invocations":1,"location":null,"numPassingAsserts":1,"retryReasons":[],"status":"passed","title":"renders correct number of StoreCard components"},{"ancestorTitles":["<StorePage />"],"duration":92,"failureDetails":[],"failureMessages":[],"fullName":"<StorePage /> passes correct props to the first StoreCard","invocations":1,"location":null,"numPassingAsserts":3,"retryReasons":[],"status":"passed","title":"passes correct props to the first StoreCard"},{"ancestorTitles":["<StorePage />"],"duration":109,"failureDetails":[],"failureMessages":[],"fullName":"<StorePage /> navigates to cart when cart button pressed","invocations":1,"location":null,"numPassingAsserts":2,"retryReasons":[],"status":"passed","title":"navigates to cart when cart button pressed"},{"ancestorTitles":["<StorePage />"],"duration":31,"failureDetails":[],"failureMessages":[],"fullName":"<StorePage /> does not fetch cart count when not focused","invocations":1,"location":null,"numPassingAsserts":1,"retryReasons":[],"status":"passed","title":"does not fetch cart count when not focused"}],"endTime":1764695334486,"message":"","name":"C:\\Users\\MarieBerx\\Documents\\StartToBrew\\StartBrewing\\__tests__\\StorePage.test.tsx","startTime":1764695333566,"status":"passed","summary":""},{"assertionResults":[{"ancestorTitles":["<Registration />"],"duration":39,"failureDetails":[],"failureMessages":[],"fullName":"<Registration /> renders the main header correctly","invocations":1,"location":null,"numPassingAsserts":1,"retryReasons":[],"status":"passed","title":"renders the main header correctly"},{"ancestorTitles":["<Registration />"],"duration":31,"failureDetails":[],"failureMessages":[],"fullName":"<Registration /> renders all section labels","invocations":1,"location":null,"numPassingAsserts":4,"retryReasons":[],"status":"passed","title":"renders all section labels"},{"ancestorTitles":["<Registration />"],"duration":46,"failureDetails":[],"failureMessages":[],"fullName":"<Registration /> renders the checkbox and toggles it on press","invocations":1,"location":null,"numPassingAsserts":1,"retryReasons":[],"status":"passed","title":"renders the checkbox and toggles it on press"},{"ancestorTitles":["<Registration />"],"duration":14,"failureDetails":[],"failureMessages":[],"fullName":"<Registration /> renders the create account button","invocations":1,"location":null,"numPassingAsserts":1,"retryReasons":[],"status":"passed","title":"renders the create account button"},{"ancestorTitles":["<Registration />"],"duration":44,"failureDetails":[],"failureMessages":[],"fullName":"<Registration /> prevents signup if terms not agreed","invocations":1,"location":null,"numPassingAsserts":1,"retryReasons":[],"status":"passed","title":"prevents signup if terms not agreed"},{"ancestorTitles":["<Registration />"],"duration":31,"failureDetails":[],"failureMessages":[],"fullName":"<Registration /> matches snapshot","invocations":1,"location":null,"numPassingAsserts":1,"retryReasons":[],"status":"passed","title":"matches snapshot"}],"endTime":1764695335376,"message":"","name":"C:\\Users\\MarieBerx\\Documents\\StartToBrew\\StartBrewing\\__tests__\\Registration.test.tsx","startTime":1764695334530,"status":"passed","summary":""},{"assertionResults":[{"ancestorTitles":["<ShoppingCart /> minimal test"],"duration":123,"failureDetails":[],"failureMessages":[],"fullName":"<ShoppingCart /> minimal test renders header and initial loading state","invocations":1,"location":null,"numPassingAsserts":2,"retryReasons":[],"status":"passed","title":"renders header and initial loading state"}],"endTime":1764695338548,"message":"","name":"C:\\Users\\MarieBerx\\Documents\\StartToBrew\\StartBrewing\\__tests__\\ShoppingCart.test.tsx","startTime":1764695335411,"status":"passed","summary":""},{"assertionResults":[{"ancestorTitles":["<Auth />"],"duration":163,"failureDetails":[],"failureMessages":[],"fullName":"<Auth /> renders inputs and buttons correctly","invocations":1,"location":null,"numPassingAsserts":4,"retryReasons":[],"status":"passed","title":"renders inputs and buttons correctly"},{"ancestorTitles":["<Auth />"],"duration":169,"failureDetails":[],"failureMessages":[],"fullName":"<Auth /> logs in with email and password","invocations":1,"location":null,"numPassingAsserts":2,"retryReasons":[],"status":"passed","title":"logs in with email and password"},{"ancestorTitles":["<Auth />"],"duration":248,"failureDetails":[],"failureMessages":[],"fullName":"<Auth /> shows login error if incorrect username","invocations":1,"location":null,"numPassingAsserts":1,"retryReasons":[],"status":"passed","title":"shows login error if incorrect username"},{"ancestorTitles":["<Auth />"],"duration":69,"failureDetails":[],"failureMessages":[],"fullName":"<Auth /> navigates to registration page on Sign Up","invocations":1,"location":null,"numPassingAsserts":1,"retryReasons":[],"status":"passed","title":"navigates to registration page on Sign Up"}],"endTime":1764695340741,"message":"","name":"C:\\Users\\MarieBerx\\Documents\\StartToBrew\\StartBrewing\\__tests__\\Auth.test.tsx","startTime":1764695338600,"status":"passed","summary":""},{"assertionResults":[{"ancestorTitles":["PaymentScreen"],"duration":102,"failureDetails":[],"failureMessages":[],"fullName":"PaymentScreen renders header and basic UI","invocations":1,"location":null,"numPassingAsserts":1,"retryReasons":[],"status":"passed","title":"renders header and basic UI"},{"ancestorTitles":["PaymentScreen"],"duration":355,"failureDetails":[],"failureMessages":[],"fullName":"PaymentScreen initiates payment and opens checkout URL","invocations":1,"location":null,"numPassingAsserts":1,"retryReasons":[],"status":"passed","title":"initiates payment and opens checkout URL"},{"ancestorTitles":["PaymentScreen"],"duration":120,"failureDetails":[],"failureMessages":[],"fullName":"PaymentScreen shows error when checkout session creation fails","invocations":1,"location":null,"numPassingAsserts":1,"retryReasons":[],"status":"passed","title":"shows error when checkout session creation fails"}],"endTime":1764695342553,"message":"","name":"C:\\Users\\MarieBerx\\Documents\\StartToBrew\\StartBrewing\\__tests__\\Payment.test.tsx","startTime":1764695340844,"status":"passed","summary":""},{"assertionResults":[{"ancestorTitles":["ChatBot"],"duration":154,"failureDetails":[],"failureMessages":[],"fullName":"ChatBot renders initial bot message","invocations":1,"location":null,"numPassingAsserts":2,"retryReasons":[],"status":"passed","title":"renders initial bot message"},{"ancestorTitles":["ChatBot"],"duration":179,"failureDetails":[],"failureMessages":[],"fullName":"ChatBot updates input value when typing","invocations":1,"location":null,"numPassingAsserts":1,"retryReasons":[],"status":"passed","title":"updates input value when typing"},{"ancestorTitles":["ChatBot"],"duration":332,"failureDetails":[],"failureMessages":[],"fullName":"ChatBot sends a text message and receives bot response","invocations":1,"location":null,"numPassingAsserts":2,"retryReasons":[],"status":"passed","title":"sends a text message and receives bot response"},{"ancestorTitles":["ChatBot"],"duration":131,"failureDetails":[],"failureMessages":[],"fullName":"ChatBot does not send if input and image are empty","invocations":1,"location":null,"numPassingAsserts":1,"retryReasons":[],"status":"passed","title":"does not send if input and image are empty"},{"ancestorTitles":["ChatBot"],"duration":39,"failureDetails":[],"failureMessages":[],"fullName":"ChatBot snapshot","invocations":1,"location":null,"numPassingAsserts":1,"retryReasons":[],"status":"passed","title":"snapshot"}],"endTime":1764695344304,"message":"","name":"C:\\Users\\MarieBerx\\Documents\\StartToBrew\\StartBrewing\\__tests__\\ChatBot.test.tsx","startTime":1764695342621,"status":"passed","summary":""},{"assertionResults":[{"ancestorTitles":["<Progress />"],"duration":711,"failureDetails":[],"failureMessages":[],"fullName":"<Progress /> Loads and displays step data and calls Supabase","invocations":1,"location":null,"numPassingAsserts":2,"retryReasons":[],"status":"passed","title":"Loads and displays step data and calls Supabase"},{"ancestorTitles":["<Progress />"],"duration":72,"failureDetails":[],"failureMessages":[],"fullName":"<Progress /> Shows tips","invocations":1,"location":null,"numPassingAsserts":1,"retryReasons":[],"status":"passed","title":"Shows tips"},{"ancestorTitles":["<Progress />"],"duration":123,"failureDetails":[],"failureMessages":[],"fullName":"<Progress /> shows ingredients","invocations":1,"location":null,"numPassingAsserts":1,"retryReasons":[],"status":"passed","title":"shows ingredients"},{"ancestorTitles":["<Progress />"],"duration":158,"failureDetails":[],"failureMessages":[],"fullName":"<Progress /> navigates to the ChatBot through FAB button","invocations":1,"location":null,"numPassingAsserts":1,"retryReasons":[],"status":"passed","title":"navigates to the ChatBot through FAB button"},{"ancestorTitles":["<Progress />"],"duration":88,"failureDetails":[],"failureMessages":[],"fullName":"<Progress /> snapshot","invocations":1,"location":null,"numPassingAsserts":1,"retryReasons":[],"status":"passed","title":"snapshot"}],"endTime":1764695346579,"message":"","name":"C:\\Users\\MarieBerx\\Documents\\StartToBrew\\StartBrewing\\__tests__\\Progress.test.tsx","startTime":1764695344366,"status":"passed","summary":""},{"assertionResults":[{"ancestorTitles":["<PaymentSuccess />"],"duration":21,"failureDetails":[],"failureMessages":[],"fullName":"<PaymentSuccess /> renders essential UI elements","invocations":1,"location":null,"numPassingAsserts":4,"retryReasons":[],"status":"passed","title":"renders essential UI elements"},{"ancestorTitles":["<PaymentSuccess />"],"duration":7,"failureDetails":[],"failureMessages":[],"fullName":"<PaymentSuccess /> calls emailjs.send with correct params","invocations":1,"location":null,"numPassingAsserts":2,"retryReasons":[],"status":"passed","title":"calls emailjs.send with correct params"},{"ancestorTitles":["<PaymentSuccess />"],"duration":31,"failureDetails":[],"failureMessages":[],"fullName":"<PaymentSuccess /> navigates to /HomePage when button is pressed","invocations":1,"location":null,"numPassingAsserts":1,"retryReasons":[],"status":"passed","title":"navigates to /HomePage when button is pressed"},{"ancestorTitles":["<PaymentSuccess />"],"duration":24,"failureDetails":[],"failureMessages":[],"fullName":"<PaymentSuccess /> snapshot","invocations":1,"location":null,"numPassingAsserts":1,"retryReasons":[],"status":"passed","title":"snapshot"}],"endTime":1764695349269,"message":"","name":"C:\\Users\\MarieBerx\\Documents\\StartToBrew\\StartBrewing\\__tests__\\PaymentSuccess.test.tsx","startTime":1764695347678,"status":"passed","summary":""},{"assertionResults":[{"ancestorTitles":["<PaymentFail />"],"duration":17,"failureDetails":[],"failureMessages":[],"fullName":"<PaymentFail /> renders essential UI elements","invocations":1,"location":null,"numPassingAsserts":4,"retryReasons":[],"status":"passed","title":"renders essential UI elements"},{"ancestorTitles":["<PaymentFail />"],"duration":33,"failureDetails":[],"failureMessages":[],"fullName":"<PaymentFail /> calls emailjs.send with correct params","invocations":1,"location":null,"numPassingAsserts":2,"retryReasons":[],"status":"passed","title":"calls emailjs.send with correct params"},{"ancestorTitles":["<PaymentFail />"],"duration":15,"failureDetails":[],"failureMessages":[],"fullName":"<PaymentFail /> navigates to /HomePage when button is pressed","invocations":1,"location":null,"numPassingAsserts":1,"retryReasons":[],"status":"passed","title":"navigates to /HomePage when button is pressed"},{"ancestorTitles":["<PaymentFail />"],"duration":15,"failureDetails":[],"failureMessages":[],"fullName":"<PaymentFail /> snapshot","invocations":1,"location":null,"numPassingAsserts":1,"retryReasons":[],"status":"passed","title":"snapshot"}],"endTime":1764695349676,"message":"","name":"C:\\Users\\MarieBerx\\Documents\\StartToBrew\\StartBrewing\\__tests__\\PaymentFail.test.tsx","startTime":1764695349296,"status":"passed","summary":""},{"assertionResults":[{"ancestorTitles":["<Recipes /> minimal header test"],"duration":11,"failureDetails":[],"failureMessages":[],"fullName":"<Recipes /> minimal header test renders the main header","invocations":1,"location":null,"numPassingAsserts":1,"retryReasons":[],"status":"passed","title":"renders the main header"}],"endTime":1764695349818,"message":"","name":"C:\\Users\\MarieBerx\\Documents\\StartToBrew\\StartBrewing\\__tests__\\Recipes.test.tsx","startTime":1764695349695,"status":"passed","summary":""},{"assertionResults":[{"ancestorTitles":["<NotFound />"],"duration":8,"failureDetails":[],"failureMessages":[],"fullName":"<NotFound /> renders the title and message","invocations":1,"location":null,"numPassingAsserts":2,"retryReasons":[],"status":"passed","title":"renders the title and message"},{"ancestorTitles":["<NotFound />"],"duration":8,"failureDetails":[],"failureMessages":[],"fullName":"<NotFound /> renders the Back to Home button and triggers router.replace on press","invocations":1,"location":null,"numPassingAsserts":2,"retryReasons":[],"status":"passed","title":"renders the Back to Home button and triggers router.replace on press"}],"endTime":1764695350004,"message":"","name":"C:\\Users\\MarieBerx\\Documents\\StartToBrew\\StartBrewing\\__tests__\\NotFound.test.tsx","startTime":1764695349833,"status":"passed","summary":""}],"wasInterrupted":false}
